#
# A fatal error has been detected by the Java Runtime Environment:
#
#  EXCEPTION_ACCESS_VIOLATION (0xc0000005) at pc=0x000000006a0e8d85, pid=3884, tid=4008
#
# JRE version: Java(TM) SE Runtime Environment (8.0_77-b03) (build 1.8.0_77-b03)
# Java VM: Java HotSpot(TM) 64-Bit Server VM (25.77-b03 mixed mode windows-amd64 compressed oops)
# Problematic frame:
# V  [jvm.dll+0x128d85]
#
# Failed to write core dump. Minidumps are not enabled by default on client versions of Windows
#
# If you would like to submit a bug report, please visit:
#   http://bugreport.java.com/bugreport/crash.jsp
#

---------------  T H R E A D  ---------------

Current thread (0x0000000056ebb800):  JavaThread "JDWP Transport Listener: dt_socket" daemon [_thread_in_vm, id=4008, stack(0x0000000058b60000,0x0000000058c60000)]

siginfo: ExceptionCode=0xc0000005, reading address 0x00003b656c003b74

Registers:
RAX=0x0000000058c5f201, RBX=0x0000000056ebb800, RCX=0x00003b656c003b74, RDX=0x0000000000000000
RSP=0x0000000058c5f230, RBP=0x00003b656c003b74, RSI=0x0000000058c5f348, RDI=0x0000000000248dd0
R8 =0x0000000056ebb800, R9 =0x000000000000ff00, R10=0x0000000000000000, R11=0x00000d5300300008
R12=0x0000000000000000, R13=0x00000000583ce9e8, R14=0x0000000000000000, R15=0x0000000000000000
RIP=0x000000006a0e8d85, EFLAGS=0x0000000000010206

Top of Stack: (sp=0x0000000058c5f230)
0x0000000058c5f230:   0000000056ebb800 0000000056ebb800
0x0000000058c5f240:   0000000058c5f2f8 000000006a2ee33b
0x0000000058c5f250:   0000000056ebb800 000000006a30ab9d
0x0000000058c5f260:   0000000000000000 000000006c4e9155
0x0000000058c5f270:   00000000584ba888 000000006c4f291e
0x0000000058c5f280:   0000000056ebb800 0000000000000000
0x0000000058c5f290:   0000000000000000 0000000000000000
0x0000000058c5f2a0:   00003b656c003b74 000000006c4f1a15
0x0000000058c5f2b0:   0000000058c5f348 0000000058c5f320
0x0000000058c5f2c0:   0000000000000001 00000000584ba888
0x0000000058c5f2d0:   00003b656c003b74 000000006c4d53b3
0x0000000058c5f2e0:   0000000058c5f410 0000000000000001
0x0000000058c5f2f0:   0000000000000001 00000000584ba888
0x0000000058c5f300:   0000000000000009 0000000000000000
0x0000000058c5f310:   0000000000000000 0000000000000000
0x0000000058c5f320:   0000000000000001 000000006c4d5571 

Instructions: (pc=0x000000006a0e8d85)
0x000000006a0e8d65:   cc cc cc cc cc cc cc cc cc cc cc 48 83 ec 28 48
0x000000006a0e8d75:   85 c9 75 07 33 c0 48 83 c4 28 c3 48 89 5c 24 20
0x000000006a0e8d85:   48 8b 19 48 85 db 74 20 48 83 fb 37 74 1a 48 8b
0x000000006a0e8d95:   13 48 8b cb ff 52 10 84 c0 74 0d 48 8b c3 48 8b 


Register to memory mapping:

RAX=0x0000000058c5f201 is pointing into the stack for thread: 0x0000000056ebb800
RBX=0x0000000056ebb800 is a thread
RCX=0x00003b656c003b74 is an unknown value
RDX=0x0000000000000000 is an unknown value
RSP=0x0000000058c5f230 is pointing into the stack for thread: 0x0000000056ebb800
RBP=0x00003b656c003b74 is an unknown value
RSI=0x0000000058c5f348 is pointing into the stack for thread: 0x0000000056ebb800
RDI=0x0000000000248dd0 is an unknown value
R8 =0x0000000056ebb800 is a thread
R9 =0x000000000000ff00 is an unknown value
R10=0x0000000000000000 is an unknown value
R11=0x00000d5300300008 is an unknown value
R12=0x0000000000000000 is an unknown value
R13=0x00000000583ce9e8 is an unknown value
R14=0x0000000000000000 is an unknown value
R15=0x0000000000000000 is an unknown value


Stack: [0x0000000058b60000,0x0000000058c60000],  sp=0x0000000058c5f230,  free space=1020k
Native frames: (J=compiled Java code, j=interpreted, Vv=VM code, C=native code)
V  [jvm.dll+0x128d85]
V  [jvm.dll+0x34ab9d]
C  [jdwp.dll+0x21a15]
C  [jdwp.dll+0x53b3]
C  [jdwp.dll+0x5571]
C  [jdwp.dll+0xf0a8]
C  [jdwp.dll+0x1f2d5]
C  [jdwp.dll+0x1f4aa]
V  [jvm.dll+0x1bba58]
V  [jvm.dll+0x243434]
V  [jvm.dll+0x29a27a]
C  [msvcr100.dll+0x21d9f]
C  [msvcr100.dll+0x21e3b]
C  [kernel32.dll+0x159ed]
C  [ntdll.dll+0x2b831]


---------------  P R O C E S S  ---------------

Java Threads: ( => current thread )
  0x000000000215a000 JavaThread "DestroyJavaVM" [_thread_blocked, id=1116, stack(0x00000000022e0000,0x00000000023e0000)]
  0x0000000059d57800 JavaThread "pool-1-thread-1" [_thread_blocked, id=2652, stack(0x000000005b7b0000,0x000000005b8b0000)]
  0x000000005a000000 JavaThread "Abandoned connection cleanup thread" daemon [_thread_blocked, id=5364, stack(0x000000005b420000,0x000000005b520000)]
  0x0000000058460800 JavaThread "Service Thread" daemon [_thread_blocked, id=5424, stack(0x0000000058d20000,0x0000000058e20000)]
  0x00000000583ed000 JavaThread "C1 CompilerThread2" daemon [_thread_blocked, id=1472, stack(0x00000000594d0000,0x00000000595d0000)]
  0x00000000583ea000 JavaThread "C2 CompilerThread1" daemon [_thread_blocked, id=4744, stack(0x0000000059270000,0x0000000059370000)]
  0x00000000583e3000 JavaThread "C2 CompilerThread0" daemon [_thread_blocked, id=5352, stack(0x0000000059150000,0x0000000059250000)]
  0x00000000583d7800 JavaThread "JDWP Command Reader" daemon [_thread_in_native, id=4700, stack(0x0000000058fe0000,0x00000000590e0000)]
  0x00000000583d4000 JavaThread "JDWP Event Helper Thread" daemon [_thread_blocked, id=4260, stack(0x0000000058e20000,0x0000000058f20000)]
=>0x0000000056ebb800 JavaThread "JDWP Transport Listener: dt_socket" daemon [_thread_in_vm, id=4008, stack(0x0000000058b60000,0x0000000058c60000)]
  0x00000000583c4800 JavaThread "Attach Listener" daemon [_thread_blocked, id=5284, stack(0x00000000589e0000,0x0000000058ae0000)]
  0x0000000056eb9000 JavaThread "Signal Dispatcher" daemon [_thread_blocked, id=4736, stack(0x00000000588a0000,0x00000000589a0000)]
  0x0000000056e9c800 JavaThread "Finalizer" daemon [_thread_blocked, id=1424, stack(0x00000000582c0000,0x00000000583c0000)]
  0x0000000056e55000 JavaThread "Reference Handler" daemon [_thread_blocked, id=5568, stack(0x00000000580c0000,0x00000000581c0000)]

Other Threads:
  0x0000000056e4d800 VMThread [stack: 0x0000000057e10000,0x0000000057f10000] [id=1176]
  0x00000000584b2000 WatcherThread [stack: 0x00000000596d0000,0x00000000597d0000] [id=4524]

VM state:not at safepoint (normal execution)

VM Mutex/Monitor currently owned by a thread: None

Heap:
 PSYoungGen      total 65024K, used 10940K [0x00000000d9a00000, 0x00000000e2100000, 0x0000000100000000)
  eden space 60416K, 18% used [0x00000000d9a00000,0x00000000da4af318,0x00000000dd500000)
  from space 4608K, 0% used [0x00000000dd500000,0x00000000dd500000,0x00000000dd980000)
  to   space 8704K, 0% used [0x00000000e1880000,0x00000000e1880000,0x00000000e2100000)
 ParOldGen       total 44544K, used 6024K [0x000000008ce00000, 0x000000008f980000, 0x00000000d9a00000)
  object space 44544K, 13% used [0x000000008ce00000,0x000000008d3e23b8,0x000000008f980000)
 Metaspace       used 22221K, capacity 22502K, committed 22656K, reserved 1069056K
  class space    used 2833K, capacity 2911K, committed 2944K, reserved 1048576K

Card table byte_map: [0x0000000011a70000,0x0000000011e10000] byte_map_base: 0x0000000011609000

Marking Bits: (ParMarkBitMap*) 0x000000006a7d0600
 Begin Bits: [0x0000000012790000, 0x0000000014458000)
 End Bits:   [0x0000000014458000, 0x0000000016120000)

Polling page: 0x0000000000220000

CodeCache: size=245760Kb used=4283Kb max_used=4298Kb free=241476Kb
 bounds [0x00000000026b0000, 0x0000000002af0000, 0x00000000116b0000]
 total_blobs=1640 nmethods=1172 adapters=390
 compilation: enabled

Compilation events (10 events):
Event: 5.905 Thread 0x00000000583ed000 nmethod 1165 0x0000000002adb690 code [0x0000000002adb7e0, 0x0000000002adb8f0]
Event: 5.905 Thread 0x00000000583ed000 1166       1       java.time.zone.ZoneOffsetTransition::getOffsetBefore (5 bytes)
Event: 5.905 Thread 0x00000000583ed000 nmethod 1166 0x0000000002adb3d0 code [0x0000000002adb520, 0x0000000002adb630]
Event: 5.905 Thread 0x00000000583ed000 1169       1       java.time.zone.ZoneOffsetTransition::getDateTimeBefore (5 bytes)
Event: 5.905 Thread 0x00000000583ed000 nmethod 1169 0x0000000002adb110 code [0x0000000002adb260, 0x0000000002adb370]
Event: 5.925 Thread 0x00000000583e3000 nmethod 1151 0x0000000002ae2a90 code [0x0000000002ae2d00, 0x0000000002ae50a0]
Event: 45.717 Thread 0x00000000583ea000 1171       4       java.lang.ref.ReferenceQueue::reallyPoll (66 bytes)
Event: 45.719 Thread 0x00000000583ea000 nmethod 1171 0x0000000002adaad0 code [0x0000000002adac00, 0x0000000002adad18]
Event: 147.906 Thread 0x00000000583ea000 1172   !   4       java.lang.ref.ReferenceQueue::remove (125 bytes)
Event: 147.912 Thread 0x00000000583ea000 nmethod 1172 0x0000000002ad8090 code [0x0000000002ad8200, 0x0000000002ad8a68]

GC Heap History (10 events):
Event: 4.613 GC heap before
{Heap before GC invocations=2 (full 0):
 PSYoungGen      total 34816K, used 32555K [0x00000000d9a00000, 0x00000000dc080000, 0x0000000100000000)
  eden space 30208K, 100% used [0x00000000d9a00000,0x00000000db780000,0x00000000db780000)
  from space 4608K, 50% used [0x00000000db780000,0x00000000db9cad98,0x00000000dbc00000)
  to   space 4608K, 0% used [0x00000000dbc00000,0x00000000dbc00000,0x00000000dc080000)
 ParOldGen       total 79360K, used 72K [0x000000008ce00000, 0x0000000091b80000, 0x00000000d9a00000)
  object space 79360K, 0% used [0x000000008ce00000,0x000000008ce12010,0x0000000091b80000)
 Metaspace       used 12023K, capacity 12222K, committed 12416K, reserved 1060864K
  class space    used 1482K, capacity 1555K, committed 1664K, reserved 1048576K
Event: 4.622 GC heap after
Heap after GC invocations=2 (full 0):
 PSYoungGen      total 34816K, used 4436K [0x00000000d9a00000, 0x00000000dde00000, 0x0000000100000000)
  eden space 30208K, 0% used [0x00000000d9a00000,0x00000000d9a00000,0x00000000db780000)
  from space 4608K, 96% used [0x00000000dbc00000,0x00000000dc055200,0x00000000dc080000)
  to   space 4608K, 0% used [0x00000000db780000,0x00000000db780000,0x00000000dbc00000)
 ParOldGen       total 79360K, used 80K [0x000000008ce00000, 0x0000000091b80000, 0x00000000d9a00000)
  object space 79360K, 0% used [0x000000008ce00000,0x000000008ce14010,0x0000000091b80000)
 Metaspace       used 12023K, capacity 12222K, committed 12416K, reserved 1060864K
  class space    used 1482K, capacity 1555K, committed 1664K, reserved 1048576K
}
Event: 5.251 GC heap before
{Heap before GC invocations=3 (full 0):
 PSYoungGen      total 34816K, used 34644K [0x00000000d9a00000, 0x00000000dde00000, 0x0000000100000000)
  eden space 30208K, 100% used [0x00000000d9a00000,0x00000000db780000,0x00000000db780000)
  from space 4608K, 96% used [0x00000000dbc00000,0x00000000dc055200,0x00000000dc080000)
  to   space 4608K, 0% used [0x00000000db780000,0x00000000db780000,0x00000000dbc00000)
 ParOldGen       total 79360K, used 80K [0x000000008ce00000, 0x0000000091b80000, 0x00000000d9a00000)
  object space 79360K, 0% used [0x000000008ce00000,0x000000008ce14010,0x0000000091b80000)
 Metaspace       used 17225K, capacity 17470K, committed 17664K, reserved 1064960K
  class space    used 2106K, capacity 2195K, committed 2304K, reserved 1048576K
Event: 5.261 GC heap after
Heap after GC invocations=3 (full 0):
 PSYoungGen      total 34816K, used 4596K [0x00000000d9a00000, 0x00000000dde00000, 0x0000000100000000)
  eden space 30208K, 0% used [0x00000000d9a00000,0x00000000d9a00000,0x00000000db780000)
  from space 4608K, 99% used [0x00000000db780000,0x00000000dbbfd0d0,0x00000000dbc00000)
  to   space 4608K, 0% used [0x00000000dd980000,0x00000000dd980000,0x00000000dde00000)
 ParOldGen       total 79360K, used 2124K [0x000000008ce00000, 0x0000000091b80000, 0x00000000d9a00000)
  object space 79360K, 2% used [0x000000008ce00000,0x000000008d013038,0x0000000091b80000)
 Metaspace       used 17225K, capacity 17470K, committed 17664K, reserved 1064960K
  class space    used 2106K, capacity 2195K, committed 2304K, reserved 1048576K
}
Event: 5.561 GC heap before
{Heap before GC invocations=4 (full 0):
 PSYoungGen      total 34816K, used 34804K [0x00000000d9a00000, 0x00000000dde00000, 0x0000000100000000)
  eden space 30208K, 100% used [0x00000000d9a00000,0x00000000db780000,0x00000000db780000)
  from space 4608K, 99% used [0x00000000db780000,0x00000000dbbfd0d0,0x00000000dbc00000)
  to   space 4608K, 0% used [0x00000000dd980000,0x00000000dd980000,0x00000000dde00000)
 ParOldGen       total 79360K, used 2124K [0x000000008ce00000, 0x0000000091b80000, 0x00000000d9a00000)
  object space 79360K, 2% used [0x000000008ce00000,0x000000008d013038,0x0000000091b80000)
 Metaspace       used 19909K, capacity 20094K, committed 20352K, reserved 1067008K
  class space    used 2510K, capacity 2579K, committed 2688K, reserved 1048576K
Event: 5.573 GC heap after
Heap after GC invocations=4 (full 0):
 PSYoungGen      total 65024K, used 4590K [0x00000000d9a00000, 0x00000000dde00000, 0x0000000100000000)
  eden space 60416K, 0% used [0x00000000d9a00000,0x00000000d9a00000,0x00000000dd500000)
  from space 4608K, 99% used [0x00000000dd980000,0x00000000dddfb868,0x00000000dde00000)
  to   space 4608K, 0% used [0x00000000dd500000,0x00000000dd500000,0x00000000dd980000)
 ParOldGen       total 79360K, used 4628K [0x000000008ce00000, 0x0000000091b80000, 0x00000000d9a00000)
  object space 79360K, 5% used [0x000000008ce00000,0x000000008d285030,0x0000000091b80000)
 Metaspace       used 19909K, capacity 20094K, committed 20352K, reserved 1067008K
  class space    used 2510K, capacity 2579K, committed 2688K, reserved 1048576K
}
Event: 5.759 GC heap before
{Heap before GC invocations=5 (full 0):
 PSYoungGen      total 65024K, used 17876K [0x00000000d9a00000, 0x00000000dde00000, 0x0000000100000000)
  eden space 60416K, 21% used [0x00000000d9a00000,0x00000000da6f9900,0x00000000dd500000)
  from space 4608K, 99% used [0x00000000dd980000,0x00000000dddfb868,0x00000000dde00000)
  to   space 4608K, 0% used [0x00000000dd500000,0x00000000dd500000,0x00000000dd980000)
 ParOldGen       total 79360K, used 4628K [0x000000008ce00000, 0x0000000091b80000, 0x00000000d9a00000)
  object space 79360K, 5% used [0x000000008ce00000,0x000000008d285030,0x0000000091b80000)
 Metaspace       used 20991K, capacity 21150K, committed 21248K, reserved 1067008K
  class space    used 2672K, capacity 2739K, committed 2816K, reserved 1048576K
Event: 5.771 GC heap after
Heap after GC invocations=5 (full 0):
 PSYoungGen      total 65024K, used 4606K [0x00000000d9a00000, 0x00000000e2100000, 0x0000000100000000)
  eden space 60416K, 0% used [0x00000000d9a00000,0x00000000d9a00000,0x00000000dd500000)
  from space 4608K, 99% used [0x00000000dd500000,0x00000000dd97f858,0x00000000dd980000)
  to   space 8704K, 0% used [0x00000000e1880000,0x00000000e1880000,0x00000000e2100000)
 ParOldGen       total 79360K, used 5768K [0x000000008ce00000, 0x0000000091b80000, 0x00000000d9a00000)
  object space 79360K, 7% used [0x000000008ce00000,0x000000008d3a2350,0x0000000091b80000)
 Metaspace       used 20991K, capacity 21150K, committed 21248K, reserved 1067008K
  class space    used 2672K, capacity 2739K, committed 2816K, reserved 1048576K
}
Event: 5.771 GC heap before
{Heap before GC invocations=6 (full 1):
 PSYoungGen      total 65024K, used 4606K [0x00000000d9a00000, 0x00000000e2100000, 0x0000000100000000)
  eden space 60416K, 0% used [0x00000000d9a00000,0x00000000d9a00000,0x00000000dd500000)
  from space 4608K, 99% used [0x00000000dd500000,0x00000000dd97f858,0x00000000dd980000)
  to   space 8704K, 0% used [0x00000000e1880000,0x00000000e1880000,0x00000000e2100000)
 ParOldGen       total 79360K, used 5768K [0x000000008ce00000, 0x0000000091b80000, 0x00000000d9a00000)
  object space 79360K, 7% used [0x000000008ce00000,0x000000008d3a2350,0x0000000091b80000)
 Metaspace       used 20991K, capacity 21150K, committed 21248K, reserved 1067008K
  class space    used 2672K, capacity 2739K, committed 2816K, reserved 1048576K
Event: 5.804 GC heap after
Heap after GC invocations=6 (full 1):
 PSYoungGen      total 65024K, used 0K [0x00000000d9a00000, 0x00000000e2100000, 0x0000000100000000)
  eden space 60416K, 0% used [0x00000000d9a00000,0x00000000d9a00000,0x00000000dd500000)
  from space 4608K, 0% used [0x00000000dd500000,0x00000000dd500000,0x00000000dd980000)
  to   space 8704K, 0% used [0x00000000e1880000,0x00000000e1880000,0x00000000e2100000)
 ParOldGen       total 44544K, used 6024K [0x000000008ce00000, 0x000000008f980000, 0x00000000d9a00000)
  object space 44544K, 13% used [0x000000008ce00000,0x000000008d3e23b8,0x000000008f980000)
 Metaspace       used 20991K, capacity 21150K, committed 21248K, reserved 1067008K
  class space    used 2672K, capacity 2739K, committed 2816K, reserved 1048576K
}

Deoptimization events (10 events):
Event: 4.809 Thread 0x000000000215a000 Uncommon trap: reason=unstable_if action=reinterpret pc=0x00000000029b4390 method=java.util.Properties$LineReader.readLine()I @ 252
Event: 4.810 Thread 0x000000000215a000 Uncommon trap: reason=unstable_if action=reinterpret pc=0x00000000029b1b74 method=java.util.Properties.loadConvert([CII[C)Ljava/lang/String; @ 4
Event: 5.150 Thread 0x000000000215a000 Uncommon trap: reason=unstable_if action=reinterpret pc=0x0000000002903498 method=java.io.WinNTFileSystem.normalize(Ljava/lang/String;)Ljava/lang/String; @ 128
Event: 5.303 Thread 0x000000000215a000 Uncommon trap: reason=unstable_if action=reinterpret pc=0x0000000002a097ac method=java.util.HashMap.getNode(ILjava/lang/Object;)Ljava/util/HashMap$Node; @ 129
Event: 5.303 Thread 0x000000000215a000 Uncommon trap: reason=class_check action=maybe_recompile pc=0x0000000002a36f7c method=java.util.HashMap.putVal(ILjava/lang/Object;Ljava/lang/Object;ZZ)Ljava/lang/Object; @ 203
Event: 5.303 Thread 0x000000000215a000 Uncommon trap: reason=unstable_if action=reinterpret pc=0x0000000002a0ba2c method=java.util.HashMap.getNode(ILjava/lang/Object;)Ljava/util/HashMap$Node; @ 129
Event: 5.325 Thread 0x000000000215a000 Uncommon trap: reason=class_check action=maybe_recompile pc=0x0000000002a36f7c method=java.util.HashMap.putVal(ILjava/lang/Object;Ljava/lang/Object;ZZ)Ljava/lang/Object; @ 203
Event: 5.326 Thread 0x000000000215a000 Uncommon trap: reason=class_check action=maybe_recompile pc=0x0000000002a36f7c method=java.util.HashMap.putVal(ILjava/lang/Object;Ljava/lang/Object;ZZ)Ljava/lang/Object; @ 203
Event: 5.524 Thread 0x000000000215a000 Uncommon trap: reason=unstable_if action=reinterpret pc=0x0000000002a36e98 method=java.util.HashMap.putVal(ILjava/lang/Object;Ljava/lang/Object;ZZ)Ljava/lang/Object; @ 162
Event: 5.723 Thread 0x000000000215a000 Uncommon trap: reason=unstable_if action=reinterpret pc=0x0000000002a6fe48 method=java.net.URL.<init>(Ljava/net/URL;Ljava/lang/String;Ljava/net/URLStreamHandler;)V @ 347

Internal exceptions (10 events):
Event: 4.488 Thread 0x000000000215a000 Exception <a 'java/lang/NoSuchFieldError': method resolution failed> (0x00000000dad1ea38) thrown at [D:\re\workspace\8-2-build-windows-amd64-cygwin\jdk8u77\6540\hotspot\src\share\vm\prims\methodHandles.cpp, line 1146]
Event: 4.547 Thread 0x000000000215a000 Exception <a 'java/lang/ArrayIndexOutOfBoundsException'> (0x00000000db0c5690) thrown at [D:\re\workspace\8-2-build-windows-amd64-cygwin\jdk8u77\6540\hotspot\src\share\vm\runtime\sharedRuntime.cpp, line 605]
Event: 4.547 Thread 0x000000000215a000 Exception <a 'java/lang/ArrayIndexOutOfBoundsException'> (0x00000000db0c6928) thrown at [D:\re\workspace\8-2-build-windows-amd64-cygwin\jdk8u77\6540\hotspot\src\share\vm\runtime\sharedRuntime.cpp, line 605]
Event: 4.548 Thread 0x000000000215a000 Exception <a 'java/lang/ArrayIndexOutOfBoundsException'> (0x00000000db0c81f8) thrown at [D:\re\workspace\8-2-build-windows-amd64-cygwin\jdk8u77\6540\hotspot\src\share\vm\runtime\sharedRuntime.cpp, line 605]
Event: 4.972 Thread 0x000000000215a000 Exception <a 'java/lang/NullPointerException'> (0x00000000da8a1c88) thrown at [D:\re\workspace\8-2-build-windows-amd64-cygwin\jdk8u77\6540\hotspot\src\share\vm\runtime\reflection.cpp, line 922]
Event: 5.175 Thread 0x000000000215a000 Exception <a 'java/lang/ArrayIndexOutOfBoundsException'> (0x00000000daf181a0) thrown at [D:\re\workspace\8-2-build-windows-amd64-cygwin\jdk8u77\6540\hotspot\src\share\vm\runtime\sharedRuntime.cpp, line 605]
Event: 5.175 Thread 0x000000000215a000 Exception <a 'java/lang/ArrayIndexOutOfBoundsException'> (0x00000000daf19250) thrown at [D:\re\workspace\8-2-build-windows-amd64-cygwin\jdk8u77\6540\hotspot\src\share\vm\runtime\sharedRuntime.cpp, line 605]
Event: 5.175 Thread 0x000000000215a000 Exception <a 'java/lang/ArrayIndexOutOfBoundsException'> (0x00000000daf1ac00) thrown at [D:\re\workspace\8-2-build-windows-amd64-cygwin\jdk8u77\6540\hotspot\src\share\vm\runtime\sharedRuntime.cpp, line 605]
Event: 5.325 Thread 0x000000000215a000 Exception <a 'java/lang/ArrayIndexOutOfBoundsException'> (0x00000000d9f18958) thrown at [D:\re\workspace\8-2-build-windows-amd64-cygwin\jdk8u77\6540\hotspot\src\share\vm\runtime\sharedRuntime.cpp, line 605]
Event: 5.326 Thread 0x000000000215a000 Exception <a 'java/lang/ArrayIndexOutOfBoundsException'> (0x00000000d9f24a60) thrown at [D:\re\workspace\8-2-build-windows-amd64-cygwin\jdk8u77\6540\hotspot\src\share\vm\runtime\sharedRuntime.cpp, line 605]

Events (10 events):
Event: 19.316 Executing VM operation: GetOrSetLocal
Event: 19.316 Executing VM operation: GetOrSetLocal done
Event: 19.316 Executing VM operation: GetOrSetLocal
Event: 19.317 Executing VM operation: GetOrSetLocal done
Event: 19.317 loading class java/lang/Throwable$WrappedPrintStream
Event: 19.317 loading class java/lang/Throwable$WrappedPrintStream done
Event: 19.318 Thread 0x000000000215a000 Thread exited: 0x000000000215a000
Event: 19.318 Thread 0x000000000215a000 Thread added: 0x000000000215a000
Event: 155.904 Executing VM operation: RedefineClasses
Event: 155.913 Executing VM operation: RedefineClasses done


Dynamic libraries:
0x000000013fc10000 - 0x000000013fc47000 	C:\Program Files\Java\jdk1.8.0_77\bin\javaw.exe
0x00000000774d0000 - 0x0000000077679000 	C:\Windows\SYSTEM32\ntdll.dll
0x00000000772b0000 - 0x00000000773cf000 	C:\Windows\system32\kernel32.dll
0x000007fefd420000 - 0x000007fefd48c000 	C:\Windows\system32\KERNELBASE.dll
0x000007fefe290000 - 0x000007fefe36b000 	C:\Windows\system32\ADVAPI32.dll
0x000007fefdbe0000 - 0x000007fefdc7f000 	C:\Windows\system32\msvcrt.dll
0x000007fefd6e0000 - 0x000007fefd6ff000 	C:\Windows\SYSTEM32\sechost.dll
0x000007fefd970000 - 0x000007fefda9d000 	C:\Windows\system32\RPCRT4.dll
0x00000000773d0000 - 0x00000000774ca000 	C:\Windows\system32\USER32.dll
0x000007fefdcd0000 - 0x000007fefdd37000 	C:\Windows\system32\GDI32.dll
0x000007fefdfd0000 - 0x000007fefdfde000 	C:\Windows\system32\LPK.dll
0x000007fefdfe0000 - 0x000007fefe0aa000 	C:\Windows\system32\USP10.dll
0x000007fefb840000 - 0x000007fefba34000 	C:\Windows\WinSxS\amd64_microsoft.windows.common-controls_6595b64144ccf1df_6.0.7601.18837_none_fa3b1e3d17594757\COMCTL32.dll
0x000007fefdf50000 - 0x000007fefdfc1000 	C:\Windows\system32\SHLWAPI.dll
0x000007fefdaa0000 - 0x000007fefdace000 	C:\Windows\system32\IMM32.DLL
0x000007fefdad0000 - 0x000007fefdbd9000 	C:\Windows\system32\MSCTF.dll
0x000000006c540000 - 0x000000006c612000 	C:\Program Files\Java\jdk1.8.0_77\jre\bin\msvcr100.dll
0x0000000069fc0000 - 0x000000006a850000 	C:\Program Files\Java\jdk1.8.0_77\jre\bin\server\jvm.dll
0x000007fee7560000 - 0x000007fee7569000 	C:\Windows\system32\WSOCK32.dll
0x000007fefdc80000 - 0x000007fefdccd000 	C:\Windows\system32\WS2_32.dll
0x000007fefd630000 - 0x000007fefd638000 	C:\Windows\system32\NSI.dll
0x000007fefae30000 - 0x000007fefae6b000 	C:\Windows\system32\WINMM.dll
0x000007fefc310000 - 0x000007fefc31c000 	C:\Windows\system32\VERSION.dll
0x00000000776a0000 - 0x00000000776a7000 	C:\Windows\system32\PSAPI.DLL
0x000000006d020000 - 0x000000006d02f000 	C:\Program Files\Java\jdk1.8.0_77\jre\bin\verify.dll
0x000000006c510000 - 0x000000006c539000 	C:\Program Files\Java\jdk1.8.0_77\jre\bin\java.dll
0x000000006c4d0000 - 0x000000006c505000 	C:\Program Files\Java\jdk1.8.0_77\jre\bin\jdwp.dll
0x000000006d010000 - 0x000000006d018000 	C:\Program Files\Java\jdk1.8.0_77\jre\bin\npt.dll
0x000000006c4b0000 - 0x000000006c4c6000 	C:\Program Files\Java\jdk1.8.0_77\jre\bin\zip.dll
0x000007fefea50000 - 0x000007feff7d9000 	C:\Windows\system32\SHELL32.dll
0x000007fefdd40000 - 0x000007fefdf43000 	C:\Windows\system32\ole32.dll
0x000007fefd280000 - 0x000007fefd28f000 	C:\Windows\system32\profapi.dll
0x000000006c4a0000 - 0x000000006c4a9000 	C:\Program Files\Java\jdk1.8.0_77\jre\bin\dt_socket.dll
0x000007fefaa00000 - 0x000007fefaa15000 	C:\Windows\system32\NLAapi.dll
0x000007fef95e0000 - 0x000007fef95f5000 	C:\Windows\system32\napinsp.dll
0x000007fef95c0000 - 0x000007fef95d9000 	C:\Windows\system32\pnrpnsp.dll
0x000007fefca50000 - 0x000007fefcaa5000 	C:\Windows\System32\mswsock.dll
0x000007fefc8d0000 - 0x000007fefc92b000 	C:\Windows\system32\DNSAPI.dll
0x000007fef95b0000 - 0x000007fef95bb000 	C:\Windows\System32\winrnr.dll
0x000007fefa7b0000 - 0x000007fefa7d7000 	C:\Windows\system32\IPHLPAPI.DLL
0x000007fefa7a0000 - 0x000007fefa7ab000 	C:\Windows\system32\WINNSI.DLL
0x000007fefa5e0000 - 0x000007fefa633000 	C:\Windows\System32\fwpuclnt.dll
0x000007fef81a0000 - 0x000007fef81a8000 	C:\Windows\system32\rasadhlp.dll
0x000007fefc430000 - 0x000007fefc437000 	C:\Windows\System32\wshtcpip.dll
0x000000006c3c0000 - 0x000000006c3da000 	C:\Program Files\Java\jdk1.8.0_77\jre\bin\net.dll
0x000007fefca40000 - 0x000007fefca47000 	C:\Windows\System32\wship6.dll
0x000007fefcab0000 - 0x000007fefcac8000 	C:\Windows\system32\CRYPTSP.dll
0x000007fefc7b0000 - 0x000007fefc7f7000 	C:\Windows\system32\rsaenh.dll
0x000007fefd290000 - 0x000007fefd2ae000 	C:\Windows\system32\USERENV.dll
0x000007fefd110000 - 0x000007fefd11f000 	C:\Windows\system32\CRYPTBASE.dll
0x000007fefa5a0000 - 0x000007fefa5b1000 	C:\Windows\system32\dhcpcsvc6.DLL
0x000007fefa520000 - 0x000007fefa538000 	C:\Windows\system32\dhcpcsvc.DLL
0x000000006c3a0000 - 0x000000006c3b1000 	C:\Program Files\Java\jdk1.8.0_77\jre\bin\nio.dll
0x000007fef9810000 - 0x000007fef9935000 	C:\Windows\system32\dbghelp.dll

VM Arguments:
jvm_args: -agentlib:jdwp=transport=dt_socket,suspend=y,address=localhost:49906 -Dfile.encoding=UTF-8 
java_command: br.com.junior.entity.PopulaBanco
java_class_path (initial): D:\workspaceOxygen\WebCampanhaRest\target\test-classes;D:\workspaceOxygen\WebCampanhaRest\target\classes;C:\dev\servidor\apache-tomcat-9.0.0.M22\lib\annotations-api.jar;C:\dev\servidor\apache-tomcat-9.0.0.M22\lib\catalina-ant.jar;C:\dev\servidor\apache-tomcat-9.0.0.M22\lib\catalina-ha.jar;C:\dev\servidor\apache-tomcat-9.0.0.M22\lib\catalina-storeconfig.jar;C:\dev\servidor\apache-tomcat-9.0.0.M22\lib\catalina-tribes.jar;C:\dev\servidor\apache-tomcat-9.0.0.M22\lib\catalina.jar;C:\dev\servidor\apache-tomcat-9.0.0.M22\lib\ecj-4.6.3.jar;C:\dev\servidor\apache-tomcat-9.0.0.M22\lib\el-api.jar;C:\dev\servidor\apache-tomcat-9.0.0.M22\lib\jasper-el.jar;C:\dev\servidor\apache-tomcat-9.0.0.M22\lib\jasper.jar;C:\dev\servidor\apache-tomcat-9.0.0.M22\lib\jaspic-api.jar;C:\dev\servidor\apache-tomcat-9.0.0.M22\lib\jsp-api.jar;C:\dev\servidor\apache-tomcat-9.0.0.M22\lib\servlet-api.jar;C:\dev\servidor\apache-tomcat-9.0.0.M22\lib\tomcat-api.jar;C:\dev\servidor\apache-tomcat-9.0.0.M22\lib\tomcat-coyote.jar;C:\dev\servidor\apache-tomcat-9.0.0.M22\lib\tomcat-dbcp.jar;C:\dev\servidor\apache-tomcat-9.0.0.M22\lib\tomcat-i18n-es.jar;C:\dev\servidor\apache-tomcat-9.0.0.M22\lib\tomcat-i18n-fr.jar;C:\dev\servidor\apache-tomcat-9.0.0.M22\lib\tomcat-i18n-ja.jar;C:\dev\servidor\apache-tomcat-9.0.0.M22\lib\tomcat-jdbc.jar;C:\dev\servidor\apache-tomcat-9.0.0.M22\lib\tomcat-jni.jar;C:\dev\servidor\apache-tomcat-9.0.0.M22\lib\tomcat-util-scan.jar;C:\dev\servidor\apache-tomcat-9.0.0.M22\lib\tomcat-util.jar;C:\dev\servidor\apache-tomcat-9.0.0.M22\lib\tomcat-websocket.jar;C:\dev\servidor\apache-tomcat-9.0.0.M22\lib\websocket-api.jar;C:\Users\Zeus\.m2\repository\junit\junit\3.8.1\junit-3.8.1.jar;C:\Users\Zeus\.m2\repository\javax\servlet\servlet-api\2.4\servlet-api-2.4.jar;C:\Users\Zeus\.m2\repository\javax\ejb\ejb-api\3.0\ejb-api-3.0.jar;C:\Users\Zeus\.m2\repository\org\glassfish\jersey\ext\jersey-mvc-jsp\2.22.1\jersey-mvc-jsp-2.22.1.jar;C:\Users\Zeus\.m2\repository\org\glass
Launcher Type: SUN_STANDARD

Environment Variables:
JAVA_HOME=C:\Program Files\Java\jdk1.8.0_77
CLASSPATH=.;C:\Program Files\Java\jdk1.8.0_77
PATH=C:\Program Files\Java\jdk1.8.0_77\jre\bin;C:/Program Files/Java/jre1.8.0_77/bin/server;C:/Program Files/Java/jre1.8.0_77/bin;C:/Program Files/Java/jre1.8.0_77/lib/amd64;C:\ProgramData\Oracle\Java\javapath;C:\Program Files (x86)\NVIDIA Corporation\PhysX\Common;C:\Windows\system32;C:\Windows;C:\Windows\System32\Wbem;C:\Windows\System32\WindowsPowerShell\v1.0\;C:\Program Files (x86)\ATI Technologies\ATI.ACE\Core-Static;C:\Program Files\Git\cmd;C:\Program Files\Java\jdk1.8.0_77\bin;D:\servers\apache-tomcat-7.0.75\bin;C:\Program Files\apache-maven-3.3.9\bin;C:\Program Files\nodejs\;C:\Program Files\apache-ant-1.9.9\bin;C:\Program Files\MySQL\MySQL Utilities 1.6\;C:\Program Files\TortoiseGit\bin;C:\Users\Zeus\AppData\Roaming\npm;C:\dev\ide\eclipse;
USERNAME=Zeus
OS=Windows_NT
PROCESSOR_IDENTIFIER=AMD64 Family 21 Model 19 Stepping 1, AuthenticAMD



---------------  S Y S T E M  ---------------

OS: Windows 7 , 64 bit Build 7601 (6.1.7601.19110)

CPU:total 4 (4 cores per cpu, 1 threads per core) family 21 model 19 stepping 1, cmov, cx8, fxsr, mmx, sse, sse2, sse3, ssse3, sse4.1, sse4.2, popcnt, avx, aes, clmul, mmxext, 3dnowpref, lzcnt, sse4a, tsc, tscinvbit, tscinv, bmi1

Memory: 4k page, physical 7538880k(3844064k free), swap 15075924k(10686340k free)

vm_info: Java HotSpot(TM) 64-Bit Server VM (25.77-b03) for windows-amd64 JRE (1.8.0_77-b03), built on Mar 20 2016 22:01:33 by "java_re" with MS VC++ 10.0 (VS2010)

time: Sat Aug 12 13:24:38 2017
elapsed time: 156 seconds (0d 0h 2m 36s)

